[debug] [2023-05-28T18:37:56.612Z] ----------------------------------------------------------------------
[debug] [2023-05-28T18:37:56.613Z] Command:       C:\Program Files\nodejs\node.exe C:\Users\USER\AppData\Roaming\npm\node_modules\firebase-tools\lib\bin\firebase.js init
[debug] [2023-05-28T18:37:56.614Z] CLI Version:   12.2.1
[debug] [2023-05-28T18:37:56.614Z] Platform:      win32
[debug] [2023-05-28T18:37:56.614Z] Node Version:  v16.17.1
[debug] [2023-05-28T18:37:56.615Z] Time:          Mon May 29 2023 00:37:56 GMT+0600 (Bangladesh Standard Time)
[debug] [2023-05-28T18:37:56.615Z] ----------------------------------------------------------------------
[debug] 
[debug] [2023-05-28T18:37:56.618Z] >>> [apiv2][query] GET https://firebase-public.firebaseio.com/cli.json [none]
[debug] [2023-05-28T18:37:56.636Z] > command requires scopes: ["email","openid","https://www.googleapis.com/auth/cloudplatformprojects.readonly","https://www.googleapis.com/auth/firebase","https://www.googleapis.com/auth/cloud-platform"]
[debug] [2023-05-28T18:37:56.636Z] > authorizing via signed-in user (mr7123619@gmail.com)
[info] 
     ######## #### ########  ######## ########     ###     ######  ########
     ##        ##  ##     ## ##       ##     ##  ##   ##  ##       ##
     ######    ##  ########  ######   ########  #########  ######  ######
     ##        ##  ##    ##  ##       ##     ## ##     ##       ## ##
     ##       #### ##     ## ######## ########  ##     ##  ######  ########

You're about to initialize a Firebase project in this directory:

  D:\job project\BugsBytes task\user-login-client

[debug] [2023-05-28T18:37:57.343Z] <<< [apiv2][status] GET https://firebase-public.firebaseio.com/cli.json 200
[debug] [2023-05-28T18:37:57.344Z] <<< [apiv2][body] GET https://firebase-public.firebaseio.com/cli.json {"cloudBuildErrorAfter":1594252800000,"cloudBuildWarnAfter":1590019200000,"defaultNode10After":1594252800000,"minVersion":"3.0.5","node8DeploysDisabledAfter":1613390400000,"node8RuntimeDisabledAfter":1615809600000,"node8WarnAfter":1600128000000}
